Arguments: 
  C:\Program Files\node.exe C:\Users\krish\AppData\Roaming\npm\node_modules\yarn\bin\yarn.js

PATH: 
  C:\Program Files\Microsoft\jdk-11.0.18.10-hotspot\bin;C:\Program Files\Java\jdk-18.0.2\bin;C:\Program Files\nodejs;C:\Program Files\;C:\Users\krish\AppData\Local\Android\Sdk;C:\Program Files\Microsoft SQL Server\150\Tools\Binn\;C:\Program Files\dotnet\;C:\Program Files\Microsoft SQL Server\130\Tools\Binn\;C:\Program Files\Microsoft SQL Server\Client SDK\ODBC\170\Tools\Binn\;C:\Program Files\Azure Data Studio\bin;C:\Program Files (x86)\Microsoft SQL Server\160\Tools\Binn\;C:\Program Files\Microsoft SQL Server\160\Tools\Binn\;C:\Program Files\Microsoft SQL Server\160\DTS\Binn\;C:\Program Files (x86)\Microsoft SQL Server\160\DTS\Binn\;C:\Program Files (x86)\Microsoft SQL Server\150\DTS\Binn\;C:\ProgramData\chocolatey\bin;C:\Windows\System32;K:\Git\cmd;C:\MinGW\bin;C:\Program Files\kotlinc\bin;C:\Program Files\Java\jdk1.8.0_341\bin;C:\Users\krish\AppData\Local\Programs\Python\Python39;C:\Users\krish\AppData\Local\Programs\Python;C:\Users\krish\AppData\Local\Programs\Python\Python39\Scripts;C:\Program Files\nodejs;C:\Users\krish\AppData\Roaming\npm;C:\Users\krish\AppData\Local\Programs\Microsoft VS Code\bin;C:\Users\krish\AppData\Local\Android\Sdk;C:\Program Files\Azure Data Studio\bin;C:\Users\krish\AppData\Local\Android\Sdk\platform-tools;C:\Users\krish\AppData\Local\Android\Sdk\emulator;C:\Windows\System32;C:\Users\krish\.dotnet\tools

Yarn version: 
  1.22.19

Node version: 
  19.4.0

Platform: 
  win32 x64

Trace: 
  Error: connect ETIMEDOUT 2405:200:1607:2820:41::36:443
      at TCPConnectWrap.afterConnect [as oncomplete] (node:net:1495:16)

npm manifest: 
  {
    "name": "bliss_front_end",
    "version": "1.0.0",
    "main": "node_modules/expo/AppEntry.js",
    "scripts": {
      "start": "expo start",
      "android": "expo start --android",
      "ios": "expo start --ios",
      "web": "expo start --web"
    },
    "dependencies": {
      "@eva-design/eva": "^2.2.0",
      "@react-native-async-storage/async-storage": "~1.17.3",
      "@react-native-community/clipboard": "^1.5.1",
      "@react-native-community/masked-view": "^0.1.11",
      "@react-native-community/netinfo": "9.3.5",
      "@react-native-community/viewpager": "^5.0.11",
      "@react-native-picker/picker": "2.4.8",
      "@react-navigation/bottom-tabs": "^6.5.7",
      "@react-navigation/drawer": "^6.6.6",
      "@react-navigation/native": "^6.1.9",
      "@react-navigation/stack": "^6.3.16",
      "@rneui/base": "^4.0.0-rc.7",
      "@rneui/themed": "^4.0.0-rc.7",
      "@twotalltotems/react-native-otp-input": "1.3.7",
      "@ui-kitten/components": "^5.3.1",
      "axios": "^1.4.0",
      "d3-scale": "^4.0.2",
      "eas": "^0.1.0",
      "expo": "~47.0.12",
      "expo-device": "~5.0.0",
      "expo-linear-gradient": "~12.0.1",
      "expo-notifications": "~0.17.0",
      "expo-screen-orientation": "~5.0.1",
      "expo-status-bar": "~1.4.2",
      "git": "^0.1.5",
      "jwt-decode": "^3.1.2",
      "moment": "^2.29.4",
      "native-notify": "^3.0.6",
      "picker": "^0.1.4",
      "react": "18.1.0",
      "react-native": "0.70.8",
      "react-native-animatable": "^1.3.3",
      "react-native-animated-bottom-drawer": "^0.0.23",
      "react-native-carousel": "^0.12.0",
      "react-native-chart-kit": "^6.12.0",
      "react-native-countdown-component": "^2.7.1",
      "react-native-date-picker": "^4.2.13",
      "react-native-datepicker": "^1.7.2",
      "react-native-draggable-drawer": "^0.0.8",
      "react-native-drawer": "^2.5.1",
      "react-native-dropdown-picker": "^5.4.4",
      "react-native-echarts-wrapper": "^2.0.0",
      "react-native-element-dropdown": "^2.6.0",
      "react-native-gesture-handler": "~2.8.0",
      "react-native-gifted-charts": "^1.2.42",
      "react-native-linear-gradient": "^2.7.3",
      "react-native-loading-spinner-overlay": "^3.0.1",
      "react-native-modal": "^13.0.1",
      "react-native-picker-select": "^8.0.4",
      "react-native-reanimated": "~2.12.0",
      "react-native-responsive-dimensions": "^3.1.1",
      "react-native-responsive-screen": "^1.4.2",
      "react-native-safe-area-context": "4.4.1",
      "react-native-screens": "~3.18.0",
      "react-native-shadow": "^1.2.2",
      "react-native-shimmer-placeholder": "^2.0.9",
      "react-native-snap-carousel": "^3.9.1",
      "react-native-svg": "^13.4.0",
      "react-native-svg-transformer": "^1.0.0",
      "react-native-swiper": "^1.6.0",
      "react-native-swiper-flatlist": "^3.0.18",
      "react-native-table-component": "^1.2.2",
      "react-native-toast-notifications": "^3.3.1",
      "react-native-vector-icons": "^9.2.0",
      "react-native-webview": "^13.6.0",
      "rn-wave-bottom-bar": "^2.2.36",
      "victory-native": "^36.6.8"
    },
    "devDependencies": {
      "@babel/core": "^7.20.0"
    },
    "private": true
  }

yarn manifest: 
  No manifest

Lockfile: 
  No lockfile
